DEBUG      libindicator-plugin       Looking at Module: libprintersmenu.so
DEBUG      libindicator-plugin       Loading Module: libprintersmenu.so
DEBUG      libindicator-plugin       Load indicator: libprintersmenu.so
DEBUG      libindicator-plugin       Looking at Module: libapplication.so
DEBUG      libindicator-plugin       Loading Module: libapplication.so
DEBUG      libindicator-plugin       Load indicator: libapplication.so
DEBUG      libindicator-plugin       Looking at Service: com.canonical.indicator.sound
DEBUG      libindicator-plugin       Loading Service: com.canonical.indicator.sound
DEBUG      libindicator-plugin       Load indicator: com.canonical.indicator.sound
DEBUG      Indicator-Application     Connected to Application Indicator Service.
DEBUG      Indicator-Application     Request current apps
DEBUG      Indicator-Application     Building new application entry: :1.29  with icon: nm-device-wired at position 0
DEBUG      libindicator-plugin       Entry added for io=libapplication.so
DEBUG      libindicator-plugin       Entry added for io=libprintersmenu.so
DEBUG      libindicator-plugin       Entry removed for io=libprintersmenu.so
DEBUG      libindicator-plugin       Entry added for io=com.canonical.indicator.sound
DEBUG      Indicator-Application     Building new application entry: :1.48  with icon: blueman-tray at position 0
DEBUG      libindicator-plugin       Entry added for io=libapplication.so
WARNING    GLib-GObject              invalid unclassed pointer in cast to 'GtkWidget'
CRITICAL   Gtk                       gtk_widget_destroy: assertion 'GTK_IS_WIDGET (widget)' failed
